Base path: /Applications/Unity/Unity.app/Contents
Cmd: getPlatforms
Cmd: compileSnippet
  api=0 type=0 insize=970 outsize=11840 kw=DIRECTIONAL SHADOWS_SCREEN LIGHTMAP_OFF DIRLIGHTMAP_OFF DYNAMICLIGHTMAP_OFF pd=UNITY_ENABLE_REFLECTION_BUFFERS UNITY_PBS_USE_BRDF1 UNITY_SPECCUBE_BOX_PROJECTION UNITY_SPECCUBE_BLENDING SHADER_API_DESKTOP ok=1
Cmd: disassembleShader
  api=1 insize=11840 outsize=11840 ok=1
Cmd: compileSnippet
  api=14 type=0 insize=970 outsize=5999 kw=DIRECTIONAL SHADOWS_SCREEN LIGHTMAP_OFF DIRLIGHTMAP_OFF DYNAMICLIGHTMAP_OFF VERTEXLIGHT_ON pd=UNITY_ENABLE_REFLECTION_BUFFERS UNITY_PBS_USE_BRDF1 UNITY_SPECCUBE_BOX_PROJECTION UNITY_SPECCUBE_BLENDING SHADER_API_DESKTOP ok=1
Cmd: disassembleShader
  api=23 insize=5999 outsize=5999 ok=1
Cmd: compileSnippet
  api=15 type=0 insize=970 outsize=15048 kw=DIRECTIONAL SHADOWS_SCREEN LIGHTMAP_OFF DIRLIGHTMAP_OFF DYNAMICLIGHTMAP_OFF VERTEXLIGHT_ON pd=UNITY_ENABLE_REFLECTION_BUFFERS UNITY_PBS_USE_BRDF1 UNITY_SPECCUBE_BOX_PROJECTION UNITY_SPECCUBE_BLENDING SHADER_API_DESKTOP ok=1
Cmd: disassembleShader
  api=6 insize=15048 outsize=15048 ok=1
Cmd: disassembleShader
  api=6 insize=0 outsize=45 ok=1
Cmd: compileSnippet
  api=14 type=1 insize=970 outsize=11281 kw=DIRECTIONAL SHADOWS_SCREEN LIGHTMAP_OFF DIRLIGHTMAP_OFF DYNAMICLIGHTMAP_OFF pd=UNITY_ENABLE_REFLECTION_BUFFERS UNITY_PBS_USE_BRDF1 UNITY_SPECCUBE_BOX_PROJECTION UNITY_SPECCUBE_BLENDING SHADER_API_DESKTOP ok=1
Cmd: disassembleShader
  api=24 insize=11281 outsize=11281 ok=1
Cmd: compileSnippet
  api=0 type=0 insize=927 outsize=6351 kw=DIRECTIONAL SHADOWS_OFF pd=UNITY_ENABLE_REFLECTION_BUFFERS UNITY_PBS_USE_BRDF1 UNITY_SPECCUBE_BOX_PROJECTION UNITY_SPECCUBE_BLENDING SHADER_API_DESKTOP ok=1
Cmd: disassembleShader
  api=1 insize=6351 outsize=6351 ok=1
Cmd: compileSnippet
  api=0 type=0 insize=927 outsize=6795 kw=POINT_COOKIE SHADOWS_OFF pd=UNITY_ENABLE_REFLECTION_BUFFERS UNITY_PBS_USE_BRDF1 UNITY_SPECCUBE_BOX_PROJECTION UNITY_SPECCUBE_BLENDING SHADER_API_DESKTOP ok=1
Cmd: disassembleShader
  api=1 insize=6795 outsize=6795 ok=1
Cmd: compileSnippet
  api=15 type=0 insize=927 outsize=9612 kw=SPOT SHADOWS_DEPTH SHADOWS_NATIVE pd=UNITY_ENABLE_REFLECTION_BUFFERS UNITY_PBS_USE_BRDF1 UNITY_SPECCUBE_BOX_PROJECTION UNITY_SPECCUBE_BLENDING SHADER_API_DESKTOP ok=1
Cmd: disassembleShader
  api=6 insize=9612 outsize=9612 ok=1
Cmd: compileSnippet
  api=14 type=0 insize=927 outsize=5760 kw=DIRECTIONAL_COOKIE SHADOWS_SCREEN pd=UNITY_ENABLE_REFLECTION_BUFFERS UNITY_PBS_USE_BRDF1 UNITY_SPECCUBE_BOX_PROJECTION UNITY_SPECCUBE_BLENDING SHADER_API_DESKTOP ok=1
Cmd: disassembleShader
  api=23 insize=5760 outsize=5760 ok=1
Cmd: compileSnippet
  api=0 type=0 insize=927 outsize=7438 kw=POINT SHADOWS_CUBE pd=UNITY_ENABLE_REFLECTION_BUFFERS UNITY_PBS_USE_BRDF1 UNITY_SPECCUBE_BOX_PROJECTION UNITY_SPECCUBE_BLENDING SHADER_API_DESKTOP ok=1
Cmd: disassembleShader
  api=1 insize=7438 outsize=7438 ok=1
Cmd: compileSnippet
  api=0 type=0 insize=927 outsize=7742 kw=SPOT SHADOWS_DEPTH SHADOWS_SOFT SHADOWS_NATIVE pd=UNITY_ENABLE_REFLECTION_BUFFERS UNITY_PBS_USE_BRDF1 UNITY_SPECCUBE_BOX_PROJECTION UNITY_SPECCUBE_BLENDING SHADER_API_DESKTOP ok=1
Cmd: disassembleShader
  api=1 insize=7742 outsize=7742 ok=1
Cmd: compileSnippet
  api=0 type=0 insize=927 outsize=8508 kw=POINT_COOKIE SHADOWS_CUBE SHADOWS_SOFT pd=UNITY_ENABLE_REFLECTION_BUFFERS UNITY_PBS_USE_BRDF1 UNITY_SPECCUBE_BOX_PROJECTION UNITY_SPECCUBE_BLENDING SHADER_API_DESKTOP ok=1
Cmd: disassembleShader
  api=1 insize=8508 outsize=8508 ok=1
Cmd: compileSnippet
  api=0 type=1 insize=927 outsize=0 kw=DIRECTIONAL SHADOWS_OFF pd=UNITY_ENABLE_REFLECTION_BUFFERS UNITY_PBS_USE_BRDF1 UNITY_SPECCUBE_BOX_PROJECTION UNITY_SPECCUBE_BLENDING SHADER_API_DESKTOP ok=1
Cmd: disassembleShader
  api=1 insize=0 outsize=45 ok=1
Cmd: compileSnippet
  api=14 type=1 insize=927 outsize=4122 kw=DIRECTIONAL SHADOWS_OFF pd=UNITY_ENABLE_REFLECTION_BUFFERS UNITY_PBS_USE_BRDF1 UNITY_SPECCUBE_BOX_PROJECTION UNITY_SPECCUBE_BLENDING SHADER_API_DESKTOP ok=1
Cmd: disassembleShader
  api=24 insize=4122 outsize=4122 ok=1
Cmd: compileSnippet
  api=15 type=1 insize=927 outsize=0 kw=DIRECTIONAL_COOKIE SHADOWS_OFF pd=UNITY_ENABLE_REFLECTION_BUFFERS UNITY_PBS_USE_BRDF1 UNITY_SPECCUBE_BOX_PROJECTION UNITY_SPECCUBE_BLENDING SHADER_API_DESKTOP ok=1
Cmd: disassembleShader
  api=6 insize=0 outsize=45 ok=1
Cmd: compileSnippet
  api=0 type=1 insize=927 outsize=0 kw=SPOT SHADOWS_DEPTH SHADOWS_NATIVE pd=UNITY_ENABLE_REFLECTION_BUFFERS UNITY_PBS_USE_BRDF1 UNITY_SPECCUBE_BOX_PROJECTION UNITY_SPECCUBE_BLENDING SHADER_API_DESKTOP ok=1
Cmd: disassembleShader
  api=1 insize=0 outsize=45 ok=1
Cmd: compileSnippet
  api=14 type=1 insize=927 outsize=5621 kw=SPOT SHADOWS_DEPTH SHADOWS_NATIVE pd=UNITY_ENABLE_REFLECTION_BUFFERS UNITY_PBS_USE_BRDF1 UNITY_SPECCUBE_BOX_PROJECTION UNITY_SPECCUBE_BLENDING SHADER_API_DESKTOP ok=1
Cmd: disassembleShader
  api=24 insize=5621 outsize=5621 ok=1
Cmd: compileSnippet
  api=15 type=1 insize=927 outsize=0 kw=POINT_COOKIE SHADOWS_CUBE pd=UNITY_ENABLE_REFLECTION_BUFFERS UNITY_PBS_USE_BRDF1 UNITY_SPECCUBE_BOX_PROJECTION UNITY_SPECCUBE_BLENDING SHADER_API_DESKTOP ok=1
Cmd: disassembleShader
  api=6 insize=0 outsize=45 ok=1
Cmd: compileSnippet
  api=0 type=1 insize=927 outsize=0 kw=SPOT SHADOWS_DEPTH SHADOWS_SOFT SHADOWS_NATIVE pd=UNITY_ENABLE_REFLECTION_BUFFERS UNITY_PBS_USE_BRDF1 UNITY_SPECCUBE_BOX_PROJECTION UNITY_SPECCUBE_BLENDING SHADER_API_DESKTOP ok=1
Cmd: disassembleShader
  api=1 insize=0 outsize=45 ok=1
Cmd: compileSnippet
  api=14 type=1 insize=927 outsize=6561 kw=SPOT SHADOWS_DEPTH SHADOWS_SOFT SHADOWS_NATIVE pd=UNITY_ENABLE_REFLECTION_BUFFERS UNITY_PBS_USE_BRDF1 UNITY_SPECCUBE_BOX_PROJECTION UNITY_SPECCUBE_BLENDING SHADER_API_DESKTOP ok=1
Cmd: disassembleShader
  api=24 insize=6561 outsize=6561 ok=1
Cmd: disassembleShader
  api=6 insize=2988 outsize=2988 ok=1
Cmd: compileSnippet
  api=14 type=0 insize=751 outsize=753 kw=SHADOWS_CUBE pd=UNITY_ENABLE_REFLECTION_BUFFERS UNITY_PBS_USE_BRDF1 UNITY_SPECCUBE_BOX_PROJECTION UNITY_SPECCUBE_BLENDING SHADER_API_DESKTOP ok=1
Cmd: disassembleShader
  api=23 insize=753 outsize=753 ok=1
Cmd: compileSnippet
  api=15 type=0 insize=751 outsize=1437 kw=SHADOWS_CUBE pd=UNITY_ENABLE_REFLECTION_BUFFERS UNITY_PBS_USE_BRDF1 UNITY_SPECCUBE_BOX_PROJECTION UNITY_SPECCUBE_BLENDING SHADER_API_DESKTOP ok=1
Cmd: disassembleShader
  api=6 insize=1437 outsize=1437 ok=1
Cmd: disassembleShader
  api=6 insize=0 outsize=45 ok=1
Cmd: compileSnippet
  api=14 type=1 insize=751 outsize=769 kw=SHADOWS_CUBE pd=UNITY_ENABLE_REFLECTION_BUFFERS UNITY_PBS_USE_BRDF1 UNITY_SPECCUBE_BOX_PROJECTION UNITY_SPECCUBE_BLENDING SHADER_API_DESKTOP ok=1
Cmd: disassembleShader
  api=24 insize=769 outsize=769 ok=1
Cmd: compileSnippet
  api=0 type=0 insize=1152 outsize=5989 kw=LIGHTMAP_OFF DIRLIGHTMAP_COMBINED DYNAMICLIGHTMAP_OFF pd=UNITY_ENABLE_REFLECTION_BUFFERS UNITY_PBS_USE_BRDF1 UNITY_SPECCUBE_BOX_PROJECTION UNITY_SPECCUBE_BLENDING SHADER_API_DESKTOP ok=1
Cmd: disassembleShader
  api=1 insize=5989 outsize=5989 ok=1
Cmd: compileSnippet
  api=14 type=0 insize=1152 outsize=3794 kw=LIGHTMAP_OFF DIRLIGHTMAP_OFF DYNAMICLIGHTMAP_OFF UNITY_HDR_ON pd=UNITY_ENABLE_REFLECTION_BUFFERS UNITY_PBS_USE_BRDF1 UNITY_SPECCUBE_BOX_PROJECTION UNITY_SPECCUBE_BLENDING SHADER_API_DESKTOP ok=1
Cmd: disassembleShader
  api=23 insize=3794 outsize=3794 ok=1
Cmd: compileSnippet
  api=15 type=0 insize=1152 outsize=5446 kw=LIGHTMAP_OFF DIRLIGHTMAP_OFF DYNAMICLIGHTMAP_OFF UNITY_HDR_ON pd=UNITY_ENABLE_REFLECTION_BUFFERS UNITY_PBS_USE_BRDF1 UNITY_SPECCUBE_BOX_PROJECTION UNITY_SPECCUBE_BLENDING SHADER_API_DESKTOP ok=1
Cmd: disassembleShader
  api=6 insize=5446 outsize=5446 ok=1
Cmd: compileSnippet
  api=0 type=0 insize=1152 outsize=5980 kw=LIGHTMAP_OFF DIRLIGHTMAP_SEPARATE DYNAMICLIGHTMAP_OFF UNITY_HDR_ON pd=UNITY_ENABLE_REFLECTION_BUFFERS UNITY_PBS_USE_BRDF1 UNITY_SPECCUBE_BOX_PROJECTION UNITY_SPECCUBE_BLENDING SHADER_API_DESKTOP ok=1
Cmd: disassembleShader
  api=1 insize=5980 outsize=5980 ok=1
Cmd: compileSnippet
  api=15 type=1 insize=1152 outsize=0 kw=LIGHTMAP_OFF DIRLIGHTMAP_OFF DYNAMICLIGHTMAP_OFF pd=UNITY_ENABLE_REFLECTION_BUFFERS UNITY_PBS_USE_BRDF1 UNITY_SPECCUBE_BOX_PROJECTION UNITY_SPECCUBE_BLENDING SHADER_API_DESKTOP ok=1
Cmd: disassembleShader
  api=6 insize=0 outsize=45 ok=1
Cmd: compileSnippet
  api=0 type=1 insize=1152 outsize=0 kw=LIGHTMAP_OFF DIRLIGHTMAP_SEPARATE DYNAMICLIGHTMAP_OFF pd=UNITY_ENABLE_REFLECTION_BUFFERS UNITY_PBS_USE_BRDF1 UNITY_SPECCUBE_BOX_PROJECTION UNITY_SPECCUBE_BLENDING SHADER_API_DESKTOP ok=1
Cmd: disassembleShader
  api=1 insize=0 outsize=45 ok=1
Cmd: compileSnippet
  api=15 type=1 insize=1152 outsize=0 kw=LIGHTMAP_OFF DIRLIGHTMAP_SEPARATE DYNAMICLIGHTMAP_OFF pd=UNITY_ENABLE_REFLECTION_BUFFERS UNITY_PBS_USE_BRDF1 UNITY_SPECCUBE_BOX_PROJECTION UNITY_SPECCUBE_BLENDING SHADER_API_DESKTOP ok=1
Cmd: disassembleShader
  api=6 insize=0 outsize=45 ok=1
Cmd: compileSnippet
  api=0 type=1 insize=1152 outsize=0 kw=LIGHTMAP_OFF DIRLIGHTMAP_OFF DYNAMICLIGHTMAP_OFF UNITY_HDR_ON pd=UNITY_ENABLE_REFLECTION_BUFFERS UNITY_PBS_USE_BRDF1 UNITY_SPECCUBE_BOX_PROJECTION UNITY_SPECCUBE_BLENDING SHADER_API_DESKTOP ok=1
Cmd: disassembleShader
  api=1 insize=0 outsize=45 ok=1
Cmd: compileSnippet
  api=14 type=1 insize=1152 outsize=3257 kw=LIGHTMAP_OFF DIRLIGHTMAP_OFF DYNAMICLIGHTMAP_OFF UNITY_HDR_ON pd=UNITY_ENABLE_REFLECTION_BUFFERS UNITY_PBS_USE_BRDF1 UNITY_SPECCUBE_BOX_PROJECTION UNITY_SPECCUBE_BLENDING SHADER_API_DESKTOP ok=1
Cmd: disassembleShader
  api=24 insize=3257 outsize=3257 ok=1
Cmd: compileSnippet
  api=0 type=0 insize=877 outsize=5672 kw=DIRECTIONAL SHADOWS_OFF LIGHTMAP_OFF DIRLIGHTMAP_OFF DYNAMICLIGHTMAP_OFF pd=UNITY_ENABLE_REFLECTION_BUFFERS UNITY_PBS_USE_BRDF1 UNITY_SPECCUBE_BOX_PROJECTION UNITY_SPECCUBE_BLENDING SHADER_API_DESKTOP ok=1
Cmd: disassembleShader
  api=1 insize=5672 outsize=5672 ok=1
Cmd: compileSnippet
  api=15 type=0 insize=877 outsize=7837 kw=DIRECTIONAL SHADOWS_SCREEN LIGHTMAP_OFF DIRLIGHTMAP_OFF DYNAMICLIGHTMAP_OFF pd=UNITY_ENABLE_REFLECTION_BUFFERS UNITY_PBS_USE_BRDF1 UNITY_SPECCUBE_BOX_PROJECTION UNITY_SPECCUBE_BLENDING SHADER_API_DESKTOP ok=1
Cmd: disassembleShader
  api=6 insize=7837 outsize=7837 ok=1
Cmd: compileSnippet
  api=14 type=0 insize=877 outsize=6370 kw=DIRECTIONAL SHADOWS_SCREEN LIGHTMAP_OFF DIRLIGHTMAP_OFF DYNAMICLIGHTMAP_OFF VERTEXLIGHT_ON pd=UNITY_ENABLE_REFLECTION_BUFFERS UNITY_PBS_USE_BRDF1 UNITY_SPECCUBE_BOX_PROJECTION UNITY_SPECCUBE_BLENDING SHADER_API_DESKTOP ok=1
Cmd: disassembleShader
  api=23 insize=6370 outsize=6370 ok=1
Cmd: compileSnippet
  api=14 type=1 insize=877 outsize=3820 kw=DIRECTIONAL SHADOWS_OFF LIGHTMAP_OFF DIRLIGHTMAP_OFF DYNAMICLIGHTMAP_OFF pd=UNITY_ENABLE_REFLECTION_BUFFERS UNITY_PBS_USE_BRDF1 UNITY_SPECCUBE_BOX_PROJECTION UNITY_SPECCUBE_BLENDING SHADER_API_DESKTOP ok=1
Cmd: disassembleShader
  api=24 insize=3820 outsize=3820 ok=1
Cmd: compileSnippet
  api=14 type=0 insize=808 outsize=5590 kw=POINT SHADOWS_OFF pd=UNITY_ENABLE_REFLECTION_BUFFERS UNITY_PBS_USE_BRDF1 UNITY_SPECCUBE_BOX_PROJECTION UNITY_SPECCUBE_BLENDING SHADER_API_DESKTOP ok=1
Cmd: disassembleShader
  api=23 insize=5590 outsize=5590 ok=1
Cmd: compileSnippet
  api=14 type=0 insize=808 outsize=5315 kw=DIRECTIONAL SHADOWS_OFF pd=UNITY_ENABLE_REFLECTION_BUFFERS UNITY_PBS_USE_BRDF1 UNITY_SPECCUBE_BOX_PROJECTION UNITY_SPECCUBE_BLENDING SHADER_API_DESKTOP ok=1
Cmd: disassembleShader
  api=23 insize=5315 outsize=5315 ok=1
Cmd: compileSnippet
  api=15 type=0 insize=808 outsize=5272 kw=DIRECTIONAL SHADOWS_OFF pd=UNITY_ENABLE_REFLECTION_BUFFERS UNITY_PBS_USE_BRDF1 UNITY_SPECCUBE_BOX_PROJECTION UNITY_SPECCUBE_BLENDING SHADER_API_DESKTOP ok=1
Cmd: disassembleShader
  api=6 insize=5272 outsize=5272 ok=1
Cmd: compileSnippet
  api=14 type=0 insize=808 outsize=5590 kw=POINT_COOKIE SHADOWS_OFF pd=UNITY_ENABLE_REFLECTION_BUFFERS UNITY_PBS_USE_BRDF1 UNITY_SPECCUBE_BOX_PROJECTION UNITY_SPECCUBE_BLENDING SHADER_API_DESKTOP ok=1
Cmd: disassembleShader
  api=23 insize=5590 outsize=5590 ok=1
Cmd: compileSnippet
  api=14 type=0 insize=808 outsize=5479 kw=DIRECTIONAL_COOKIE SHADOWS_OFF pd=UNITY_ENABLE_REFLECTION_BUFFERS UNITY_PBS_USE_BRDF1 UNITY_SPECCUBE_BOX_PROJECTION UNITY_SPECCUBE_BLENDING SHADER_API_DESKTOP ok=1
Cmd: disassembleShader
  api=23 insize=5479 outsize=5479 ok=1
Cmd: compileSnippet
  api=0 type=0 insize=808 outsize=5429 kw=SPOT SHADOWS_DEPTH SHADOWS_NATIVE pd=UNITY_ENABLE_REFLECTION_BUFFERS UNITY_PBS_USE_BRDF1 UNITY_SPECCUBE_BOX_PROJECTION UNITY_SPECCUBE_BLENDING SHADER_API_DESKTOP ok=1
Cmd: disassembleShader
  api=1 insize=5429 outsize=5429 ok=1
Cmd: compileSnippet
  api=15 type=0 insize=808 outsize=5804 kw=DIRECTIONAL SHADOWS_SCREEN pd=UNITY_ENABLE_REFLECTION_BUFFERS UNITY_PBS_USE_BRDF1 UNITY_SPECCUBE_BOX_PROJECTION UNITY_SPECCUBE_BLENDING SHADER_API_DESKTOP ok=1
Cmd: disassembleShader
  api=6 insize=5804 outsize=5804 ok=1
Cmd: compileSnippet
  api=0 type=0 insize=808 outsize=5634 kw=POINT SHADOWS_CUBE pd=UNITY_ENABLE_REFLECTION_BUFFERS UNITY_PBS_USE_BRDF1 UNITY_SPECCUBE_BOX_PROJECTION UNITY_SPECCUBE_BLENDING SHADER_API_DESKTOP ok=1
Cmd: disassembleShader
  api=1 insize=5634 outsize=5634 ok=1
Cmd: compileSnippet
  api=14 type=1 insize=808 outsize=2749 kw=POINT SHADOWS_OFF pd=UNITY_ENABLE_REFLECTION_BUFFERS UNITY_PBS_USE_BRDF1 UNITY_SPECCUBE_BOX_PROJECTION UNITY_SPECCUBE_BLENDING SHADER_API_DESKTOP ok=1
Cmd: disassembleShader
  api=24 insize=2749 outsize=2749 ok=1
Cmd: compileSnippet
  api=14 type=1 insize=808 outsize=2665 kw=DIRECTIONAL_COOKIE SHADOWS_OFF pd=UNITY_ENABLE_REFLECTION_BUFFERS UNITY_PBS_USE_BRDF1 UNITY_SPECCUBE_BOX_PROJECTION UNITY_SPECCUBE_BLENDING SHADER_API_DESKTOP ok=1
Cmd: disassembleShader
  api=24 insize=2665 outsize=2665 ok=1
Cmd: compileSnippet
  api=15 type=1 insize=808 outsize=0 kw=DIRECTIONAL_COOKIE SHADOWS_SCREEN pd=UNITY_ENABLE_REFLECTION_BUFFERS UNITY_PBS_USE_BRDF1 UNITY_SPECCUBE_BOX_PROJECTION UNITY_SPECCUBE_BLENDING SHADER_API_DESKTOP ok=1
Cmd: disassembleShader
  api=6 insize=0 outsize=45 ok=1
Cmd: compileSnippet
  api=0 type=1 insize=808 outsize=0 kw=POINT SHADOWS_CUBE pd=UNITY_ENABLE_REFLECTION_BUFFERS UNITY_PBS_USE_BRDF1 UNITY_SPECCUBE_BOX_PROJECTION UNITY_SPECCUBE_BLENDING SHADER_API_DESKTOP ok=1
Cmd: disassembleShader
  api=1 insize=0 outsize=45 ok=1
Cmd: compileSnippet
  api=14 type=1 insize=808 outsize=3384 kw=POINT SHADOWS_CUBE pd=UNITY_ENABLE_REFLECTION_BUFFERS UNITY_PBS_USE_BRDF1 UNITY_SPECCUBE_BOX_PROJECTION UNITY_SPECCUBE_BLENDING SHADER_API_DESKTOP ok=1
Cmd: disassembleShader
  api=24 insize=3384 outsize=3384 ok=1
Cmd: compileSnippet
  api=15 type=0 insize=600 outsize=2988 kw=SHADOWS_DEPTH pd=UNITY_ENABLE_REFLECTION_BUFFERS UNITY_PBS_USE_BRDF1 UNITY_SPECCUBE_BOX_PROJECTION UNITY_SPECCUBE_BLENDING SHADER_API_DESKTOP ok=1
Cmd: disassembleShader
  api=6 insize=2988 outsize=2988 ok=1
Cmd: compileSnippet
  api=0 type=1 insize=600 outsize=0 kw=SHADOWS_DEPTH pd=UNITY_ENABLE_REFLECTION_BUFFERS UNITY_PBS_USE_BRDF1 UNITY_SPECCUBE_BOX_PROJECTION UNITY_SPECCUBE_BLENDING SHADER_API_DESKTOP ok=1
Cmd: disassembleShader
  api=1 insize=0 outsize=45 ok=1
Cmd: compileSnippet
  api=14 type=1 insize=600 outsize=769 kw=SHADOWS_CUBE pd=UNITY_ENABLE_REFLECTION_BUFFERS UNITY_PBS_USE_BRDF1 UNITY_SPECCUBE_BOX_PROJECTION UNITY_SPECCUBE_BLENDING SHADER_API_DESKTOP ok=1
Cmd: disassembleShader
  api=24 insize=769 outsize=769 ok=1
